DISCARD ALL
                                                   QUERY PLAN                                                   
----------------------------------------------------------------------------------------------------------------
 Seq Scan on table5  (cost=0.00..21370.00 rows=750115 width=8) (actual time=0.024..166.878 rows=749680 loops=1)
   Filter: ((ip > 500000) OR (ni > 500000))
   Rows Removed by Filter: 250320
 Planning time: 1.242 ms
 Execution time: 179.517 ms
(5 rows)

Query buffer reset (cleared).
DISCARD ALL
                                                   QUERY PLAN                                                   
----------------------------------------------------------------------------------------------------------------
 Seq Scan on table5  (cost=0.00..21370.00 rows=750115 width=8) (actual time=0.008..159.179 rows=749680 loops=1)
   Filter: ((ip > 500000) OR (ni > 500000))
   Rows Removed by Filter: 250320
 Planning time: 0.077 ms
 Execution time: 171.851 ms
(5 rows)

Query buffer reset (cleared).
DISCARD ALL
                                                   QUERY PLAN                                                   
----------------------------------------------------------------------------------------------------------------
 Seq Scan on table5  (cost=0.00..21370.00 rows=750115 width=8) (actual time=0.007..160.530 rows=749680 loops=1)
   Filter: ((ip > 500000) OR (ni > 500000))
   Rows Removed by Filter: 250320
 Planning time: 0.073 ms
 Execution time: 173.429 ms
(5 rows)

Query buffer reset (cleared).
DISCARD ALL
                                                   QUERY PLAN                                                   
----------------------------------------------------------------------------------------------------------------
 Seq Scan on table5  (cost=0.00..21370.00 rows=750115 width=8) (actual time=0.010..161.177 rows=749680 loops=1)
   Filter: ((ip > 500000) OR (ni > 500000))
   Rows Removed by Filter: 250320
 Planning time: 0.076 ms
 Execution time: 173.986 ms
(5 rows)

Query buffer reset (cleared).
DISCARD ALL
                                                   QUERY PLAN                                                   
----------------------------------------------------------------------------------------------------------------
 Seq Scan on table5  (cost=0.00..21370.00 rows=750115 width=8) (actual time=0.008..158.870 rows=749680 loops=1)
   Filter: ((ip > 500000) OR (ni > 500000))
   Rows Removed by Filter: 250320
 Planning time: 0.073 ms
 Execution time: 171.692 ms
(5 rows)

Query buffer reset (cleared).
DISCARD ALL
                                                   QUERY PLAN                                                   
----------------------------------------------------------------------------------------------------------------
 Seq Scan on table5  (cost=0.00..21370.00 rows=750115 width=8) (actual time=0.007..159.730 rows=749680 loops=1)
   Filter: ((ip > 500000) OR (ni > 500000))
   Rows Removed by Filter: 250320
 Planning time: 0.072 ms
 Execution time: 172.536 ms
(5 rows)

Query buffer reset (cleared).
DISCARD ALL
                                                   QUERY PLAN                                                   
----------------------------------------------------------------------------------------------------------------
 Seq Scan on table5  (cost=0.00..21370.00 rows=750115 width=8) (actual time=0.008..158.658 rows=749680 loops=1)
   Filter: ((ip > 500000) OR (ni > 500000))
   Rows Removed by Filter: 250320
 Planning time: 0.076 ms
 Execution time: 171.489 ms
(5 rows)

Query buffer reset (cleared).
DISCARD ALL
                                                   QUERY PLAN                                                   
----------------------------------------------------------------------------------------------------------------
 Seq Scan on table5  (cost=0.00..21370.00 rows=750115 width=8) (actual time=0.008..158.448 rows=749680 loops=1)
   Filter: ((ip > 500000) OR (ni > 500000))
   Rows Removed by Filter: 250320
 Planning time: 0.074 ms
 Execution time: 171.160 ms
(5 rows)

Query buffer reset (cleared).
DISCARD ALL
                                                   QUERY PLAN                                                   
----------------------------------------------------------------------------------------------------------------
 Seq Scan on table5  (cost=0.00..21370.00 rows=750115 width=8) (actual time=0.008..160.835 rows=749680 loops=1)
   Filter: ((ip > 500000) OR (ni > 500000))
   Rows Removed by Filter: 250320
 Planning time: 0.073 ms
 Execution time: 173.728 ms
(5 rows)

Query buffer reset (cleared).
DISCARD ALL
                                                   QUERY PLAN                                                   
----------------------------------------------------------------------------------------------------------------
 Seq Scan on table5  (cost=0.00..21370.00 rows=750115 width=8) (actual time=0.008..160.981 rows=749680 loops=1)
   Filter: ((ip > 500000) OR (ni > 500000))
   Rows Removed by Filter: 250320
 Planning time: 0.102 ms
 Execution time: 173.817 ms
(5 rows)

Query buffer reset (cleared).
