DISCARD ALL
                                           QUERY PLAN                                           
------------------------------------------------------------------------------------------------
 Seq Scan on table1  (cost=0.00..2.25 rows=1 width=4) (actual time=0.021..0.025 rows=1 loops=1)
   Filter: ("is" = 50)
   Rows Removed by Filter: 99
 Planning time: 0.963 ms
 Execution time: 0.062 ms
(5 rows)

Query buffer reset (cleared).
DISCARD ALL
                                           QUERY PLAN                                           
------------------------------------------------------------------------------------------------
 Seq Scan on table1  (cost=0.00..2.25 rows=1 width=4) (actual time=0.020..0.024 rows=1 loops=1)
   Filter: ("is" = 50)
   Rows Removed by Filter: 99
 Planning time: 0.100 ms
 Execution time: 0.054 ms
(5 rows)

Query buffer reset (cleared).
DISCARD ALL
                                           QUERY PLAN                                           
------------------------------------------------------------------------------------------------
 Seq Scan on table1  (cost=0.00..2.25 rows=1 width=4) (actual time=0.010..0.012 rows=1 loops=1)
   Filter: ("is" = 50)
   Rows Removed by Filter: 99
 Planning time: 0.050 ms
 Execution time: 0.022 ms
(5 rows)

Query buffer reset (cleared).
DISCARD ALL
                                           QUERY PLAN                                           
------------------------------------------------------------------------------------------------
 Seq Scan on table1  (cost=0.00..2.25 rows=1 width=4) (actual time=0.010..0.012 rows=1 loops=1)
   Filter: ("is" = 50)
   Rows Removed by Filter: 99
 Planning time: 0.046 ms
 Execution time: 0.021 ms
(5 rows)

Query buffer reset (cleared).
DISCARD ALL
                                           QUERY PLAN                                           
------------------------------------------------------------------------------------------------
 Seq Scan on table1  (cost=0.00..2.25 rows=1 width=4) (actual time=0.010..0.012 rows=1 loops=1)
   Filter: ("is" = 50)
   Rows Removed by Filter: 99
 Planning time: 0.046 ms
 Execution time: 0.022 ms
(5 rows)

Query buffer reset (cleared).
DISCARD ALL
                                           QUERY PLAN                                           
------------------------------------------------------------------------------------------------
 Seq Scan on table1  (cost=0.00..2.25 rows=1 width=4) (actual time=0.009..0.011 rows=1 loops=1)
   Filter: ("is" = 50)
   Rows Removed by Filter: 99
 Planning time: 0.044 ms
 Execution time: 0.021 ms
(5 rows)

Query buffer reset (cleared).
DISCARD ALL
                                           QUERY PLAN                                           
------------------------------------------------------------------------------------------------
 Seq Scan on table1  (cost=0.00..2.25 rows=1 width=4) (actual time=0.009..0.012 rows=1 loops=1)
   Filter: ("is" = 50)
   Rows Removed by Filter: 99
 Planning time: 0.044 ms
 Execution time: 0.021 ms
(5 rows)

Query buffer reset (cleared).
DISCARD ALL
                                           QUERY PLAN                                           
------------------------------------------------------------------------------------------------
 Seq Scan on table1  (cost=0.00..2.25 rows=1 width=4) (actual time=0.010..0.012 rows=1 loops=1)
   Filter: ("is" = 50)
   Rows Removed by Filter: 99
 Planning time: 0.044 ms
 Execution time: 0.021 ms
(5 rows)

Query buffer reset (cleared).
DISCARD ALL
                                           QUERY PLAN                                           
------------------------------------------------------------------------------------------------
 Seq Scan on table1  (cost=0.00..2.25 rows=1 width=4) (actual time=0.010..0.012 rows=1 loops=1)
   Filter: ("is" = 50)
   Rows Removed by Filter: 99
 Planning time: 0.044 ms
 Execution time: 0.021 ms
(5 rows)

Query buffer reset (cleared).
DISCARD ALL
                                           QUERY PLAN                                           
------------------------------------------------------------------------------------------------
 Seq Scan on table1  (cost=0.00..2.25 rows=1 width=4) (actual time=0.010..0.012 rows=1 loops=1)
   Filter: ("is" = 50)
   Rows Removed by Filter: 99
 Planning time: 0.044 ms
 Execution time: 0.021 ms
(5 rows)

Query buffer reset (cleared).
