DISCARD ALL
                                                             QUERY PLAN                                                             
------------------------------------------------------------------------------------------------------------------------------------
 Index Only Scan using secondary_index_is_t5 on table5  (cost=0.42..12.46 rows=2 width=4) (actual time=0.022..0.022 rows=0 loops=1)
   Index Cond: ("is" = 500000)
   Heap Fetches: 0
 Planning time: 0.768 ms
 Execution time: 0.055 ms
(5 rows)

Query buffer reset (cleared).
DISCARD ALL
                                                             QUERY PLAN                                                             
------------------------------------------------------------------------------------------------------------------------------------
 Index Only Scan using secondary_index_is_t5 on table5  (cost=0.42..12.46 rows=2 width=4) (actual time=0.006..0.006 rows=0 loops=1)
   Index Cond: ("is" = 500000)
   Heap Fetches: 0
 Planning time: 0.052 ms
 Execution time: 0.016 ms
(5 rows)

Query buffer reset (cleared).
DISCARD ALL
                                                             QUERY PLAN                                                             
------------------------------------------------------------------------------------------------------------------------------------
 Index Only Scan using secondary_index_is_t5 on table5  (cost=0.42..12.46 rows=2 width=4) (actual time=0.005..0.005 rows=0 loops=1)
   Index Cond: ("is" = 500000)
   Heap Fetches: 0
 Planning time: 0.049 ms
 Execution time: 0.016 ms
(5 rows)

Query buffer reset (cleared).
DISCARD ALL
                                                             QUERY PLAN                                                             
------------------------------------------------------------------------------------------------------------------------------------
 Index Only Scan using secondary_index_is_t5 on table5  (cost=0.42..12.46 rows=2 width=4) (actual time=0.005..0.005 rows=0 loops=1)
   Index Cond: ("is" = 500000)
   Heap Fetches: 0
 Planning time: 0.047 ms
 Execution time: 0.015 ms
(5 rows)

Query buffer reset (cleared).
DISCARD ALL
                                                             QUERY PLAN                                                             
------------------------------------------------------------------------------------------------------------------------------------
 Index Only Scan using secondary_index_is_t5 on table5  (cost=0.42..12.46 rows=2 width=4) (actual time=0.005..0.005 rows=0 loops=1)
   Index Cond: ("is" = 500000)
   Heap Fetches: 0
 Planning time: 0.047 ms
 Execution time: 0.016 ms
(5 rows)

Query buffer reset (cleared).
DISCARD ALL
                                                             QUERY PLAN                                                             
------------------------------------------------------------------------------------------------------------------------------------
 Index Only Scan using secondary_index_is_t5 on table5  (cost=0.42..12.46 rows=2 width=4) (actual time=0.004..0.004 rows=0 loops=1)
   Index Cond: ("is" = 500000)
   Heap Fetches: 0
 Planning time: 0.046 ms
 Execution time: 0.014 ms
(5 rows)

Query buffer reset (cleared).
DISCARD ALL
                                                             QUERY PLAN                                                             
------------------------------------------------------------------------------------------------------------------------------------
 Index Only Scan using secondary_index_is_t5 on table5  (cost=0.42..12.46 rows=2 width=4) (actual time=0.005..0.005 rows=0 loops=1)
   Index Cond: ("is" = 500000)
   Heap Fetches: 0
 Planning time: 0.046 ms
 Execution time: 0.014 ms
(5 rows)

Query buffer reset (cleared).
DISCARD ALL
                                                             QUERY PLAN                                                             
------------------------------------------------------------------------------------------------------------------------------------
 Index Only Scan using secondary_index_is_t5 on table5  (cost=0.42..12.46 rows=2 width=4) (actual time=0.004..0.004 rows=0 loops=1)
   Index Cond: ("is" = 500000)
   Heap Fetches: 0
 Planning time: 0.046 ms
 Execution time: 0.014 ms
(5 rows)

Query buffer reset (cleared).
DISCARD ALL
                                                             QUERY PLAN                                                             
------------------------------------------------------------------------------------------------------------------------------------
 Index Only Scan using secondary_index_is_t5 on table5  (cost=0.42..12.46 rows=2 width=4) (actual time=0.004..0.004 rows=0 loops=1)
   Index Cond: ("is" = 500000)
   Heap Fetches: 0
 Planning time: 0.046 ms
 Execution time: 0.014 ms
(5 rows)

Query buffer reset (cleared).
DISCARD ALL
                                                             QUERY PLAN                                                             
------------------------------------------------------------------------------------------------------------------------------------
 Index Only Scan using secondary_index_is_t5 on table5  (cost=0.42..12.46 rows=2 width=4) (actual time=0.005..0.005 rows=0 loops=1)
   Index Cond: ("is" = 500000)
   Heap Fetches: 0
 Planning time: 0.046 ms
 Execution time: 0.015 ms
(5 rows)

Query buffer reset (cleared).
