DISCARD ALL
                                               QUERY PLAN                                               
--------------------------------------------------------------------------------------------------------
 Seq Scan on table3  (cost=0.00..189.00 rows=5018 width=4) (actual time=0.011..1.226 rows=5021 loops=1)
   Filter: ("is" < 5000)
   Rows Removed by Filter: 4979
 Planning time: 0.843 ms
 Execution time: 1.345 ms
(5 rows)

Query buffer reset (cleared).
DISCARD ALL
                                               QUERY PLAN                                               
--------------------------------------------------------------------------------------------------------
 Seq Scan on table3  (cost=0.00..189.00 rows=5018 width=4) (actual time=0.007..1.153 rows=5021 loops=1)
   Filter: ("is" < 5000)
   Rows Removed by Filter: 4979
 Planning time: 0.052 ms
 Execution time: 1.258 ms
(5 rows)

Query buffer reset (cleared).
DISCARD ALL
                                               QUERY PLAN                                               
--------------------------------------------------------------------------------------------------------
 Seq Scan on table3  (cost=0.00..189.00 rows=5018 width=4) (actual time=0.007..1.135 rows=5021 loops=1)
   Filter: ("is" < 5000)
   Rows Removed by Filter: 4979
 Planning time: 0.049 ms
 Execution time: 1.236 ms
(5 rows)

Query buffer reset (cleared).
DISCARD ALL
                                               QUERY PLAN                                               
--------------------------------------------------------------------------------------------------------
 Seq Scan on table3  (cost=0.00..189.00 rows=5018 width=4) (actual time=0.017..1.142 rows=5021 loops=1)
   Filter: ("is" < 5000)
   Rows Removed by Filter: 4979
 Planning time: 0.060 ms
 Execution time: 1.241 ms
(5 rows)

Query buffer reset (cleared).
DISCARD ALL
                                               QUERY PLAN                                               
--------------------------------------------------------------------------------------------------------
 Seq Scan on table3  (cost=0.00..189.00 rows=5018 width=4) (actual time=0.006..1.143 rows=5021 loops=1)
   Filter: ("is" < 5000)
   Rows Removed by Filter: 4979
 Planning time: 0.049 ms
 Execution time: 1.239 ms
(5 rows)

Query buffer reset (cleared).
DISCARD ALL
                                               QUERY PLAN                                               
--------------------------------------------------------------------------------------------------------
 Seq Scan on table3  (cost=0.00..189.00 rows=5018 width=4) (actual time=0.006..1.129 rows=5021 loops=1)
   Filter: ("is" < 5000)
   Rows Removed by Filter: 4979
 Planning time: 0.047 ms
 Execution time: 1.223 ms
(5 rows)

Query buffer reset (cleared).
DISCARD ALL
                                               QUERY PLAN                                               
--------------------------------------------------------------------------------------------------------
 Seq Scan on table3  (cost=0.00..189.00 rows=5018 width=4) (actual time=0.006..1.120 rows=5021 loops=1)
   Filter: ("is" < 5000)
   Rows Removed by Filter: 4979
 Planning time: 0.046 ms
 Execution time: 1.216 ms
(5 rows)

Query buffer reset (cleared).
DISCARD ALL
                                               QUERY PLAN                                               
--------------------------------------------------------------------------------------------------------
 Seq Scan on table3  (cost=0.00..189.00 rows=5018 width=4) (actual time=0.008..1.206 rows=5021 loops=1)
   Filter: ("is" < 5000)
   Rows Removed by Filter: 4979
 Planning time: 0.079 ms
 Execution time: 1.317 ms
(5 rows)

Query buffer reset (cleared).
DISCARD ALL
                                               QUERY PLAN                                               
--------------------------------------------------------------------------------------------------------
 Seq Scan on table3  (cost=0.00..189.00 rows=5018 width=4) (actual time=0.006..1.155 rows=5021 loops=1)
   Filter: ("is" < 5000)
   Rows Removed by Filter: 4979
 Planning time: 0.051 ms
 Execution time: 1.250 ms
(5 rows)

Query buffer reset (cleared).
DISCARD ALL
                                               QUERY PLAN                                               
--------------------------------------------------------------------------------------------------------
 Seq Scan on table3  (cost=0.00..189.00 rows=5018 width=4) (actual time=0.006..1.120 rows=5021 loops=1)
   Filter: ("is" < 5000)
   Rows Removed by Filter: 4979
 Planning time: 0.048 ms
 Execution time: 1.224 ms
(5 rows)

Query buffer reset (cleared).
