DISCARD ALL
                                                   QUERY PLAN                                                   
----------------------------------------------------------------------------------------------------------------
 Seq Scan on table5  (cost=0.00..18870.00 rows=500836 width=4) (actual time=0.028..123.325 rows=500367 loops=1)
   Filter: ("is" < 500000)
   Rows Removed by Filter: 499633
 Planning time: 0.768 ms
 Execution time: 132.405 ms
(5 rows)

Query buffer reset (cleared).
DISCARD ALL
                                                   QUERY PLAN                                                   
----------------------------------------------------------------------------------------------------------------
 Seq Scan on table5  (cost=0.00..18870.00 rows=500836 width=4) (actual time=0.008..115.016 rows=500367 loops=1)
   Filter: ("is" < 500000)
   Rows Removed by Filter: 499633
 Planning time: 0.067 ms
 Execution time: 124.101 ms
(5 rows)

Query buffer reset (cleared).
DISCARD ALL
                                                   QUERY PLAN                                                   
----------------------------------------------------------------------------------------------------------------
 Seq Scan on table5  (cost=0.00..18870.00 rows=500836 width=4) (actual time=0.007..117.519 rows=500367 loops=1)
   Filter: ("is" < 500000)
   Rows Removed by Filter: 499633
 Planning time: 0.071 ms
 Execution time: 126.617 ms
(5 rows)

Query buffer reset (cleared).
DISCARD ALL
                                                   QUERY PLAN                                                   
----------------------------------------------------------------------------------------------------------------
 Seq Scan on table5  (cost=0.00..18870.00 rows=500836 width=4) (actual time=0.017..129.633 rows=500367 loops=1)
   Filter: ("is" < 500000)
   Rows Removed by Filter: 499633
 Planning time: 0.105 ms
 Execution time: 140.316 ms
(5 rows)

Query buffer reset (cleared).
DISCARD ALL
                                                   QUERY PLAN                                                   
----------------------------------------------------------------------------------------------------------------
 Seq Scan on table5  (cost=0.00..18870.00 rows=500836 width=4) (actual time=0.008..114.940 rows=500367 loops=1)
   Filter: ("is" < 500000)
   Rows Removed by Filter: 499633
 Planning time: 0.066 ms
 Execution time: 123.976 ms
(5 rows)

Query buffer reset (cleared).
DISCARD ALL
                                                   QUERY PLAN                                                   
----------------------------------------------------------------------------------------------------------------
 Seq Scan on table5  (cost=0.00..18870.00 rows=500836 width=4) (actual time=0.008..114.960 rows=500367 loops=1)
   Filter: ("is" < 500000)
   Rows Removed by Filter: 499633
 Planning time: 0.066 ms
 Execution time: 123.810 ms
(5 rows)

Query buffer reset (cleared).
DISCARD ALL
                                                   QUERY PLAN                                                   
----------------------------------------------------------------------------------------------------------------
 Seq Scan on table5  (cost=0.00..18870.00 rows=500836 width=4) (actual time=0.007..115.198 rows=500367 loops=1)
   Filter: ("is" < 500000)
   Rows Removed by Filter: 499633
 Planning time: 0.065 ms
 Execution time: 124.111 ms
(5 rows)

Query buffer reset (cleared).
DISCARD ALL
                                                   QUERY PLAN                                                   
----------------------------------------------------------------------------------------------------------------
 Seq Scan on table5  (cost=0.00..18870.00 rows=500836 width=4) (actual time=0.008..115.074 rows=500367 loops=1)
   Filter: ("is" < 500000)
   Rows Removed by Filter: 499633
 Planning time: 0.066 ms
 Execution time: 123.966 ms
(5 rows)

Query buffer reset (cleared).
DISCARD ALL
                                                   QUERY PLAN                                                   
----------------------------------------------------------------------------------------------------------------
 Seq Scan on table5  (cost=0.00..18870.00 rows=500836 width=4) (actual time=0.008..114.025 rows=500367 loops=1)
   Filter: ("is" < 500000)
   Rows Removed by Filter: 499633
 Planning time: 0.066 ms
 Execution time: 122.856 ms
(5 rows)

Query buffer reset (cleared).
DISCARD ALL
                                                   QUERY PLAN                                                   
----------------------------------------------------------------------------------------------------------------
 Seq Scan on table5  (cost=0.00..18870.00 rows=500836 width=4) (actual time=0.008..113.725 rows=500367 loops=1)
   Filter: ("is" < 500000)
   Rows Removed by Filter: 499633
 Planning time: 0.067 ms
 Execution time: 122.510 ms
(5 rows)

Query buffer reset (cleared).
