DISCARD ALL
                                                                   QUERY PLAN                                                                   
------------------------------------------------------------------------------------------------------------------------------------------------
 Index Only Scan using primary_index_ip_t5 on table5  (cost=0.42..17559.93 rows=503743 width=4) (actual time=0.119..89.189 rows=500000 loops=1)
   Index Cond: (ip > 500000)
   Heap Fetches: 500000
 Planning time: 0.741 ms
 Execution time: 97.458 ms
(5 rows)

Query buffer reset (cleared).
DISCARD ALL
                                                                   QUERY PLAN                                                                   
------------------------------------------------------------------------------------------------------------------------------------------------
 Index Only Scan using primary_index_ip_t5 on table5  (cost=0.42..17559.93 rows=503743 width=4) (actual time=0.016..85.128 rows=500000 loops=1)
   Index Cond: (ip > 500000)
   Heap Fetches: 500000
 Planning time: 0.069 ms
 Execution time: 93.658 ms
(5 rows)

Query buffer reset (cleared).
DISCARD ALL
                                                                   QUERY PLAN                                                                   
------------------------------------------------------------------------------------------------------------------------------------------------
 Index Only Scan using primary_index_ip_t5 on table5  (cost=0.42..17559.93 rows=503743 width=4) (actual time=0.024..87.163 rows=500000 loops=1)
   Index Cond: (ip > 500000)
   Heap Fetches: 500000
 Planning time: 0.099 ms
 Execution time: 95.844 ms
(5 rows)

Query buffer reset (cleared).
DISCARD ALL
                                                                   QUERY PLAN                                                                   
------------------------------------------------------------------------------------------------------------------------------------------------
 Index Only Scan using primary_index_ip_t5 on table5  (cost=0.42..17559.93 rows=503743 width=4) (actual time=0.017..83.272 rows=500000 loops=1)
   Index Cond: (ip > 500000)
   Heap Fetches: 500000
 Planning time: 0.068 ms
 Execution time: 91.549 ms
(5 rows)

Query buffer reset (cleared).
DISCARD ALL
                                                                   QUERY PLAN                                                                   
------------------------------------------------------------------------------------------------------------------------------------------------
 Index Only Scan using primary_index_ip_t5 on table5  (cost=0.42..17559.93 rows=503743 width=4) (actual time=0.023..85.230 rows=500000 loops=1)
   Index Cond: (ip > 500000)
   Heap Fetches: 500000
 Planning time: 0.068 ms
 Execution time: 93.764 ms
(5 rows)

Query buffer reset (cleared).
DISCARD ALL
                                                                   QUERY PLAN                                                                   
------------------------------------------------------------------------------------------------------------------------------------------------
 Index Only Scan using primary_index_ip_t5 on table5  (cost=0.42..17559.93 rows=503743 width=4) (actual time=0.017..83.086 rows=500000 loops=1)
   Index Cond: (ip > 500000)
   Heap Fetches: 500000
 Planning time: 0.067 ms
 Execution time: 91.353 ms
(5 rows)

Query buffer reset (cleared).
DISCARD ALL
                                                                   QUERY PLAN                                                                   
------------------------------------------------------------------------------------------------------------------------------------------------
 Index Only Scan using primary_index_ip_t5 on table5  (cost=0.42..17559.93 rows=503743 width=4) (actual time=0.015..90.048 rows=500000 loops=1)
   Index Cond: (ip > 500000)
   Heap Fetches: 500000
 Planning time: 0.071 ms
 Execution time: 98.946 ms
(5 rows)

Query buffer reset (cleared).
DISCARD ALL
                                                                   QUERY PLAN                                                                   
------------------------------------------------------------------------------------------------------------------------------------------------
 Index Only Scan using primary_index_ip_t5 on table5  (cost=0.42..17559.93 rows=503743 width=4) (actual time=0.017..96.035 rows=500000 loops=1)
   Index Cond: (ip > 500000)
   Heap Fetches: 500000
 Planning time: 0.106 ms
 Execution time: 105.582 ms
(5 rows)

Query buffer reset (cleared).
DISCARD ALL
                                                                   QUERY PLAN                                                                   
------------------------------------------------------------------------------------------------------------------------------------------------
 Index Only Scan using primary_index_ip_t5 on table5  (cost=0.42..17559.93 rows=503743 width=4) (actual time=0.019..88.724 rows=500000 loops=1)
   Index Cond: (ip > 500000)
   Heap Fetches: 500000
 Planning time: 0.068 ms
 Execution time: 97.647 ms
(5 rows)

Query buffer reset (cleared).
DISCARD ALL
                                                                   QUERY PLAN                                                                   
------------------------------------------------------------------------------------------------------------------------------------------------
 Index Only Scan using primary_index_ip_t5 on table5  (cost=0.42..17559.93 rows=503743 width=4) (actual time=0.015..85.474 rows=500000 loops=1)
   Index Cond: (ip > 500000)
   Heap Fetches: 500000
 Planning time: 0.072 ms
 Execution time: 93.945 ms
(5 rows)

Query buffer reset (cleared).
