DISCARD ALL
                                           QUERY PLAN                                           
------------------------------------------------------------------------------------------------
 Seq Scan on table1  (cost=0.00..2.50 rows=2 width=8) (actual time=0.015..0.023 rows=2 loops=1)
   Filter: ((ip = 50) OR ("is" = 50))
   Rows Removed by Filter: 98
 Planning time: 1.277 ms
 Execution time: 0.077 ms
(5 rows)

Query buffer reset (cleared).
DISCARD ALL
                                           QUERY PLAN                                           
------------------------------------------------------------------------------------------------
 Seq Scan on table1  (cost=0.00..2.50 rows=2 width=8) (actual time=0.011..0.017 rows=2 loops=1)
   Filter: ((ip = 50) OR ("is" = 50))
   Rows Removed by Filter: 98
 Planning time: 0.062 ms
 Execution time: 0.030 ms
(5 rows)

Query buffer reset (cleared).
DISCARD ALL
                                           QUERY PLAN                                           
------------------------------------------------------------------------------------------------
 Seq Scan on table1  (cost=0.00..2.50 rows=2 width=8) (actual time=0.011..0.017 rows=2 loops=1)
   Filter: ((ip = 50) OR ("is" = 50))
   Rows Removed by Filter: 98
 Planning time: 0.055 ms
 Execution time: 0.028 ms
(5 rows)

Query buffer reset (cleared).
DISCARD ALL
                                           QUERY PLAN                                           
------------------------------------------------------------------------------------------------
 Seq Scan on table1  (cost=0.00..2.50 rows=2 width=8) (actual time=0.010..0.016 rows=2 loops=1)
   Filter: ((ip = 50) OR ("is" = 50))
   Rows Removed by Filter: 98
 Planning time: 0.054 ms
 Execution time: 0.028 ms
(5 rows)

Query buffer reset (cleared).
DISCARD ALL
                                           QUERY PLAN                                           
------------------------------------------------------------------------------------------------
 Seq Scan on table1  (cost=0.00..2.50 rows=2 width=8) (actual time=0.011..0.017 rows=2 loops=1)
   Filter: ((ip = 50) OR ("is" = 50))
   Rows Removed by Filter: 98
 Planning time: 0.054 ms
 Execution time: 0.030 ms
(5 rows)

Query buffer reset (cleared).
DISCARD ALL
                                           QUERY PLAN                                           
------------------------------------------------------------------------------------------------
 Seq Scan on table1  (cost=0.00..2.50 rows=2 width=8) (actual time=0.010..0.016 rows=2 loops=1)
   Filter: ((ip = 50) OR ("is" = 50))
   Rows Removed by Filter: 98
 Planning time: 0.053 ms
 Execution time: 0.027 ms
(5 rows)

Query buffer reset (cleared).
DISCARD ALL
                                           QUERY PLAN                                           
------------------------------------------------------------------------------------------------
 Seq Scan on table1  (cost=0.00..2.50 rows=2 width=8) (actual time=0.010..0.016 rows=2 loops=1)
   Filter: ((ip = 50) OR ("is" = 50))
   Rows Removed by Filter: 98
 Planning time: 0.050 ms
 Execution time: 0.028 ms
(5 rows)

Query buffer reset (cleared).
DISCARD ALL
                                           QUERY PLAN                                           
------------------------------------------------------------------------------------------------
 Seq Scan on table1  (cost=0.00..2.50 rows=2 width=8) (actual time=0.010..0.016 rows=2 loops=1)
   Filter: ((ip = 50) OR ("is" = 50))
   Rows Removed by Filter: 98
 Planning time: 0.051 ms
 Execution time: 0.027 ms
(5 rows)

Query buffer reset (cleared).
DISCARD ALL
                                           QUERY PLAN                                           
------------------------------------------------------------------------------------------------
 Seq Scan on table1  (cost=0.00..2.50 rows=2 width=8) (actual time=0.010..0.016 rows=2 loops=1)
   Filter: ((ip = 50) OR ("is" = 50))
   Rows Removed by Filter: 98
 Planning time: 0.051 ms
 Execution time: 0.027 ms
(5 rows)

Query buffer reset (cleared).
DISCARD ALL
                                           QUERY PLAN                                           
------------------------------------------------------------------------------------------------
 Seq Scan on table1  (cost=0.00..2.50 rows=2 width=8) (actual time=0.010..0.016 rows=2 loops=1)
   Filter: ((ip = 50) OR ("is" = 50))
   Rows Removed by Filter: 98
 Planning time: 0.051 ms
 Execution time: 0.027 ms
(5 rows)

Query buffer reset (cleared).
