DISCARD ALL
                                             QUERY PLAN                                             
----------------------------------------------------------------------------------------------------
 Seq Scan on table4  (cost=0.00..2137.00 rows=3 width=8) (actual time=7.771..15.030 rows=1 loops=1)
   Filter: ((ip = 50000) OR (ni = 50000))
   Rows Removed by Filter: 99999
 Planning time: 0.797 ms
 Execution time: 15.068 ms
(5 rows)

Query buffer reset (cleared).
DISCARD ALL
                                             QUERY PLAN                                             
----------------------------------------------------------------------------------------------------
 Seq Scan on table4  (cost=0.00..2137.00 rows=3 width=8) (actual time=7.075..13.949 rows=1 loops=1)
   Filter: ((ip = 50000) OR (ni = 50000))
   Rows Removed by Filter: 99999
 Planning time: 0.078 ms
 Execution time: 13.967 ms
(5 rows)

Query buffer reset (cleared).
DISCARD ALL
                                             QUERY PLAN                                             
----------------------------------------------------------------------------------------------------
 Seq Scan on table4  (cost=0.00..2137.00 rows=3 width=8) (actual time=7.111..14.347 rows=1 loops=1)
   Filter: ((ip = 50000) OR (ni = 50000))
   Rows Removed by Filter: 99999
 Planning time: 0.075 ms
 Execution time: 14.367 ms
(5 rows)

Query buffer reset (cleared).
DISCARD ALL
                                             QUERY PLAN                                             
----------------------------------------------------------------------------------------------------
 Seq Scan on table4  (cost=0.00..2137.00 rows=3 width=8) (actual time=6.952..13.785 rows=1 loops=1)
   Filter: ((ip = 50000) OR (ni = 50000))
   Rows Removed by Filter: 99999
 Planning time: 0.074 ms
 Execution time: 13.802 ms
(5 rows)

Query buffer reset (cleared).
DISCARD ALL
                                             QUERY PLAN                                             
----------------------------------------------------------------------------------------------------
 Seq Scan on table4  (cost=0.00..2137.00 rows=3 width=8) (actual time=6.916..13.790 rows=1 loops=1)
   Filter: ((ip = 50000) OR (ni = 50000))
   Rows Removed by Filter: 99999
 Planning time: 0.074 ms
 Execution time: 13.810 ms
(5 rows)

Query buffer reset (cleared).
DISCARD ALL
                                             QUERY PLAN                                             
----------------------------------------------------------------------------------------------------
 Seq Scan on table4  (cost=0.00..2137.00 rows=3 width=8) (actual time=7.023..13.951 rows=1 loops=1)
   Filter: ((ip = 50000) OR (ni = 50000))
   Rows Removed by Filter: 99999
 Planning time: 0.074 ms
 Execution time: 13.968 ms
(5 rows)

Query buffer reset (cleared).
DISCARD ALL
                                             QUERY PLAN                                             
----------------------------------------------------------------------------------------------------
 Seq Scan on table4  (cost=0.00..2137.00 rows=3 width=8) (actual time=6.916..13.791 rows=1 loops=1)
   Filter: ((ip = 50000) OR (ni = 50000))
   Rows Removed by Filter: 99999
 Planning time: 0.091 ms
 Execution time: 13.809 ms
(5 rows)

Query buffer reset (cleared).
DISCARD ALL
                                             QUERY PLAN                                             
----------------------------------------------------------------------------------------------------
 Seq Scan on table4  (cost=0.00..2137.00 rows=3 width=8) (actual time=6.942..13.941 rows=1 loops=1)
   Filter: ((ip = 50000) OR (ni = 50000))
   Rows Removed by Filter: 99999
 Planning time: 0.074 ms
 Execution time: 13.959 ms
(5 rows)

Query buffer reset (cleared).
DISCARD ALL
                                             QUERY PLAN                                             
----------------------------------------------------------------------------------------------------
 Seq Scan on table4  (cost=0.00..2137.00 rows=3 width=8) (actual time=6.936..13.845 rows=1 loops=1)
   Filter: ((ip = 50000) OR (ni = 50000))
   Rows Removed by Filter: 99999
 Planning time: 0.075 ms
 Execution time: 13.862 ms
(5 rows)

Query buffer reset (cleared).
DISCARD ALL
                                             QUERY PLAN                                             
----------------------------------------------------------------------------------------------------
 Seq Scan on table4  (cost=0.00..2137.00 rows=3 width=8) (actual time=7.128..14.013 rows=1 loops=1)
   Filter: ((ip = 50000) OR (ni = 50000))
   Rows Removed by Filter: 99999
 Planning time: 0.073 ms
 Execution time: 14.030 ms
(5 rows)

Query buffer reset (cleared).
