DISCARD ALL
                                            QUERY PLAN                                            
--------------------------------------------------------------------------------------------------
 Seq Scan on table1  (cost=0.00..2.50 rows=80 width=8) (actual time=0.008..0.023 rows=79 loops=1)
   Filter: ((ip < 50) OR ("is" < 50))
   Rows Removed by Filter: 21
 Planning time: 0.778 ms
 Execution time: 0.062 ms
(5 rows)

Query buffer reset (cleared).
DISCARD ALL
                                            QUERY PLAN                                            
--------------------------------------------------------------------------------------------------
 Seq Scan on table1  (cost=0.00..2.50 rows=80 width=8) (actual time=0.006..0.019 rows=79 loops=1)
   Filter: ((ip < 50) OR ("is" < 50))
   Rows Removed by Filter: 21
 Planning time: 0.058 ms
 Execution time: 0.033 ms
(5 rows)

Query buffer reset (cleared).
DISCARD ALL
                                            QUERY PLAN                                            
--------------------------------------------------------------------------------------------------
 Seq Scan on table1  (cost=0.00..2.50 rows=80 width=8) (actual time=0.005..0.019 rows=79 loops=1)
   Filter: ((ip < 50) OR ("is" < 50))
   Rows Removed by Filter: 21
 Planning time: 0.057 ms
 Execution time: 0.031 ms
(5 rows)

Query buffer reset (cleared).
DISCARD ALL
                                            QUERY PLAN                                            
--------------------------------------------------------------------------------------------------
 Seq Scan on table1  (cost=0.00..2.50 rows=80 width=8) (actual time=0.005..0.020 rows=79 loops=1)
   Filter: ((ip < 50) OR ("is" < 50))
   Rows Removed by Filter: 21
 Planning time: 0.054 ms
 Execution time: 0.032 ms
(5 rows)

Query buffer reset (cleared).
DISCARD ALL
                                            QUERY PLAN                                            
--------------------------------------------------------------------------------------------------
 Seq Scan on table1  (cost=0.00..2.50 rows=80 width=8) (actual time=0.005..0.017 rows=79 loops=1)
   Filter: ((ip < 50) OR ("is" < 50))
   Rows Removed by Filter: 21
 Planning time: 0.054 ms
 Execution time: 0.031 ms
(5 rows)

Query buffer reset (cleared).
DISCARD ALL
                                            QUERY PLAN                                            
--------------------------------------------------------------------------------------------------
 Seq Scan on table1  (cost=0.00..2.50 rows=80 width=8) (actual time=0.005..0.018 rows=79 loops=1)
   Filter: ((ip < 50) OR ("is" < 50))
   Rows Removed by Filter: 21
 Planning time: 0.054 ms
 Execution time: 0.032 ms
(5 rows)

Query buffer reset (cleared).
DISCARD ALL
                                            QUERY PLAN                                            
--------------------------------------------------------------------------------------------------
 Seq Scan on table1  (cost=0.00..2.50 rows=80 width=8) (actual time=0.005..0.019 rows=79 loops=1)
   Filter: ((ip < 50) OR ("is" < 50))
   Rows Removed by Filter: 21
 Planning time: 0.053 ms
 Execution time: 0.031 ms
(5 rows)

Query buffer reset (cleared).
DISCARD ALL
                                            QUERY PLAN                                            
--------------------------------------------------------------------------------------------------
 Seq Scan on table1  (cost=0.00..2.50 rows=80 width=8) (actual time=0.004..0.018 rows=79 loops=1)
   Filter: ((ip < 50) OR ("is" < 50))
   Rows Removed by Filter: 21
 Planning time: 0.053 ms
 Execution time: 0.031 ms
(5 rows)

Query buffer reset (cleared).
DISCARD ALL
                                            QUERY PLAN                                            
--------------------------------------------------------------------------------------------------
 Seq Scan on table1  (cost=0.00..2.50 rows=80 width=8) (actual time=0.004..0.019 rows=79 loops=1)
   Filter: ((ip < 50) OR ("is" < 50))
   Rows Removed by Filter: 21
 Planning time: 0.053 ms
 Execution time: 0.031 ms
(5 rows)

Query buffer reset (cleared).
DISCARD ALL
                                            QUERY PLAN                                            
--------------------------------------------------------------------------------------------------
 Seq Scan on table1  (cost=0.00..2.50 rows=80 width=8) (actual time=0.004..0.019 rows=79 loops=1)
   Filter: ((ip < 50) OR ("is" < 50))
   Rows Removed by Filter: 21
 Planning time: 0.054 ms
 Execution time: 0.031 ms
(5 rows)

Query buffer reset (cleared).
